<?xml version="1.0" encoding="UTF-8"?>
<!-- Generated by org.testng.reporters.JUnitReportReporter -->
<testsuite hostname="USBB5CG8386FJ0" name="tests.NewTest" tests="1" failures="0" timestamp="26 Jan 2020 03:01:47 GMT" time="2.927" errors="0">
  <testcase name="openMyBlog" time="2.927" classname="tests.NewTest"/>
</testsuite> <!-- tests.NewTest -->
